# JRE version: OpenJDK Runtime Environment (15.0.2+7) (build 15.0.2+7-27)
# Java VM: OpenJDK 64-Bit Server VM (15.0.2+7-27, mixed mode, sharing, tiered, compressed oops, g1 gc, windows-amd64)
GC Precious Log:
 CPUs: 4 total, 4 available
 Memory: 16281M
 Large Page Support: Disabled
 NUMA Support: Disabled
 Compressed Oops: Enabled (32-bit)
 Heap Region Size: 1M
 Heap Min Capacity: 256M
 Heap Initial Capacity: 256M
 Heap Max Capacity: 512M
 Pre-touch: Disabled
 Parallel Workers: 4
 Concurrent Workers: 1
 Concurrent Refinement Workers: 4
 Periodic GC: Disabled
Heap:
 garbage-first heap   total 262144K, used 65076K [0x00000000e0000000, 0x0000000100000000)
  region size 1024K, 15 young (15360K), 13 survivors (13312K)
 Metaspace       used 59059K, capacity 60229K, committed 60496K, reserved 307200K
  class space    used 7528K, capacity 7903K, committed 7936K, reserved 253952K
GC Heap History (20 events):
Event: 1.035 GC heap before
{Heap before GC invocations=0 (full 0):
 garbage-first heap   total 262144K, used 18432K [0x00000000e0000000, 0x0000000100000000)
  region size 1024K, 13 young (13312K), 0 survivors (0K)
 Metaspace       used 1255K, capacity 4857K, committed 5120K, reserved 262144K
  class space    used 105K, capacity 467K, committed 512K, reserved 253952K
}
Event: 1.041 GC heap after
{Heap after GC invocations=1 (full 0):
 garbage-first heap   total 262144K, used 7675K [0x00000000e0000000, 0x0000000100000000)
  region size 1024K, 2 young (2048K), 2 survivors (2048K)
 Metaspace       used 1255K, capacity 4857K, committed 5120K, reserved 262144K
  class space    used 105K, capacity 467K, committed 512K, reserved 253952K
}
Event: 1.797 GC heap before
{Heap before GC invocations=1 (full 0):
 garbage-first heap   total 262144K, used 19963K [0x00000000e0000000, 0x0000000100000000)
  region size 1024K, 14 young (14336K), 2 survivors (2048K)
 Metaspace       used 4032K, capacity 6607K, committed 6656K, reserved 262144K
  class space    used 495K, capacity 729K, committed 768K, reserved 253952K
}
Event: 1.800 GC heap after
{Heap after GC invocations=2 (full 0):
 garbage-first heap   total 262144K, used 8800K [0x00000000e0000000, 0x0000000100000000)
  region size 1024K, 2 young (2048K), 2 survivors (2048K)
 Metaspace       used 4032K, capacity 6607K, committed 6656K, reserved 262144K
  class space    used 495K, capacity 729K, committed 768K, reserved 253952K
}
Event: 2.627 GC heap before
{Heap before GC invocations=2 (full 0):
 garbage-first heap   total 262144K, used 32352K [0x00000000e0000000, 0x0000000100000000)
  region size 1024K, 26 young (26624K), 2 survivors (2048K)
 Metaspace       used 4157K, capacity 6607K, committed 6656K, reserved 262144K
  class space    used 495K, capacity 729K, committed 768K, reserved 253952K
}
Event: 2.631 GC heap after
{Heap after GC invocations=3 (full 0):
 garbage-first heap   total 262144K, used 11572K [0x00000000e0000000, 0x0000000100000000)
  region size 1024K, 4 young (4096K), 4 survivors (4096K)
 Metaspace       used 4157K, capacity 6607K, committed 6656K, reserved 262144K
  class space    used 495K, capacity 729K, committed 768K, reserved 253952K
}
Event: 8.720 GC heap before
{Heap before GC invocations=3 (full 0):
 garbage-first heap   total 262144K, used 110900K [0x00000000e0000000, 0x0000000100000000)
  region size 1024K, 103 young (105472K), 4 survivors (4096K)
 Metaspace       used 20605K, capacity 21135K, committed 21296K, reserved 272384K
  class space    used 2973K, capacity 3144K, committed 3200K, reserved 253952K
}
Event: 8.736 GC heap after
{Heap after GC invocations=4 (full 0):
 garbage-first heap   total 262144K, used 18808K [0x00000000e0000000, 0x0000000100000000)
  region size 1024K, 11 young (11264K), 11 survivors (11264K)
 Metaspace       used 20605K, capacity 21135K, committed 21296K, reserved 272384K
  class space    used 2973K, capacity 3144K, committed 3200K, reserved 253952K
}
Event: 12.448 GC heap before
{Heap before GC invocations=5 (full 0):
 garbage-first heap   total 262144K, used 110968K [0x00000000e0000000, 0x0000000100000000)
  region size 1024K, 99 young (101376K), 11 survivors (11264K)
 Metaspace       used 35121K, capacity 35728K, committed 35888K, reserved 286720K
  class space    used 4693K, capacity 4883K, committed 4992K, reserved 253952K
}
Event: 12.475 GC heap after
{Heap after GC invocations=6 (full 0):
 garbage-first heap   total 262144K, used 26004K [0x00000000e0000000, 0x0000000100000000)
  region size 1024K, 17 young (17408K), 17 survivors (17408K)
 Metaspace       used 35121K, capacity 35728K, committed 35888K, reserved 286720K
  class space    used 4693K, capacity 4883K, committed 4992K, reserved 253952K
}
Event: 123.617 GC heap before
{Heap before GC invocations=7 (full 0):
 garbage-first heap   total 262144K, used 164244K [0x00000000e0000000, 0x0000000100000000)
  region size 1024K, 153 young (156672K), 17 survivors (17408K)
 Metaspace       used 46228K, capacity 47346K, committed 47408K, reserved 294912K
  class space    used 6198K, capacity 6516K, committed 6528K, reserved 253952K
}
Event: 123.661 GC heap after
{Heap after GC invocations=8 (full 0):
 garbage-first heap   total 262144K, used 34149K [0x00000000e0000000, 0x0000000100000000)
  region size 1024K, 16 young (16384K), 16 survivors (16384K)
 Metaspace       used 46228K, capacity 47346K, committed 47408K, reserved 294912K
  class space    used 6198K, capacity 6516K, committed 6528K, reserved 253952K
}
Event: 568.903 GC heap before
{Heap before GC invocations=8 (full 0):
 garbage-first heap   total 262144K, used 177509K [0x00000000e0000000, 0x0000000100000000)
  region size 1024K, 153 young (156672K), 16 survivors (16384K)
 Metaspace       used 57198K, capacity 58241K, committed 58416K, reserved 305152K
  class space    used 7479K, capacity 7808K, committed 7808K, reserved 253952K
}
Event: 569.000 GC heap after
{Heap after GC invocations=9 (full 0):
 garbage-first heap   total 262144K, used 54770K [0x00000000e0000000, 0x0000000100000000)
  region size 1024K, 20 young (20480K), 20 survivors (20480K)
 Metaspace       used 57198K, capacity 58241K, committed 58416K, reserved 305152K
  class space    used 7479K, capacity 7808K, committed 7808K, reserved 253952K
}
Event: 872.453 GC heap before
{Heap before GC invocations=9 (full 0):
 garbage-first heap   total 262144K, used 115186K [0x00000000e0000000, 0x0000000100000000)
  region size 1024K, 79 young (80896K), 20 survivors (20480K)
 Metaspace       used 58008K, capacity 59033K, committed 59312K, reserved 307200K
  class space    used 7511K, capacity 7876K, committed 7936K, reserved 253952K
}
Event: 872.498 GC heap after
{Heap after GC invocations=10 (full 0):
 garbage-first heap   total 262144K, used 51135K [0x00000000e0000000, 0x0000000100000000)
  region size 1024K, 2 young (2048K), 2 survivors (2048K)
 Metaspace       used 58008K, capacity 59033K, committed 59312K, reserved 307200K
  class space    used 7511K, capacity 7876K, committed 7936K, reserved 253952K
}
Event: 1366.622 GC heap before
{Heap before GC invocations=10 (full 0):
 garbage-first heap   total 262144K, used 206783K [0x00000000e0000000, 0x0000000100000000)
  region size 1024K, 151 young (154624K), 2 survivors (2048K)
 Metaspace       used 58993K, capacity 60165K, committed 60240K, reserved 307200K
  class space    used 7527K, capacity 7903K, committed 7936K, reserved 253952K
}
Event: 1366.634 GC heap after
{Heap after GC invocations=11 (full 0):
 garbage-first heap   total 262144K, used 61977K [0x00000000e0000000, 0x0000000100000000)
  region size 1024K, 9 young (9216K), 9 survivors (9216K)
 Metaspace       used 58993K, capacity 60165K, committed 60240K, reserved 307200K
  class space    used 7527K, capacity 7903K, committed 7936K, reserved 253952K
}
Event: 1367.087 GC heap before
{Heap before GC invocations=11 (full 0):
 garbage-first heap   total 262144K, used 82457K [0x00000000e0000000, 0x0000000100000000)
  region size 1024K, 31 young (31744K), 9 survivors (9216K)
 Metaspace       used 59043K, capacity 60165K, committed 60240K, reserved 307200K
  class space    used 7528K, capacity 7903K, committed 7936K, reserved 253952K
}
Event: 1367.103 GC heap after
{Heap after GC invocations=12 (full 0):
 garbage-first heap   total 262144K, used 64052K [0x00000000e0000000, 0x0000000100000000)
  region size 1024K, 13 young (13312K), 13 survivors (13312K)
 Metaspace       used 59043K, capacity 60165K, committed 60240K, reserved 307200K
  class space    used 7528K, capacity 7903K, committed 7936K, reserved 253952K
}

